This file contains any messages produced by compilers while
running configure, to aid debugging if configure makes a mistake.

It was created by NSpike configure 2.0.0, which was
generated by GNU Autoconf 2.65.  Invocation command line was

  $ ./configure 

## --------- ##
## Platform. ##
## --------- ##

hostname = localhost
uname -m = x86_64
uname -r = 2.6.33.7-server-2mnb
uname -s = Linux
uname -v = #1 SMP Mon Sep 20 19:01:10 UTC 2010

/usr/bin/uname -p = unknown
/bin/uname -X     = unknown

/bin/arch              = x86_64
/usr/bin/arch -k       = unknown
/usr/convex/getsysinfo = unknown
/usr/bin/hostinfo      = unknown
/bin/machine           = unknown
/usr/bin/oslevel       = unknown
/bin/universe          = unknown

PATH: .
PATH: /usr/bin
PATH: /usr/sbin
PATH: /usr/local/netscape
PATH: /bin
PATH: /usr/ucb
PATH: /sbin
PATH: /usr/local/bin
PATH: /usr/X11R6/bin
PATH: /home/loren/bin
PATH: /usr/local/git/bin
PATH: /hippo/loren/Src/NSpike/Modules
PATH: /home/loren/Src/NSpike/Modules
PATH: /home/loren/JMF-2.1.1e//bin


## ----------- ##
## Core tests. ##
## ----------- ##

configure:2320: checking for a BSD-compatible install
configure:2388: result: /usr/bin/install -c
configure:2399: checking whether build environment is sane
configure:2449: result: yes
configure:2590: checking for a thread-safe mkdir -p
configure:2629: result: /bin/mkdir -p
configure:2642: checking for gawk
configure:2658: found /usr/bin/gawk
configure:2669: result: gawk
configure:2680: checking whether make sets $(MAKE)
configure:2702: result: yes
configure:2843: checking for g++
configure:2859: found /usr/bin/g++
configure:2870: result: g++
configure:2897: checking for C++ compiler version
configure:2906: g++ --version >&5
g++ (GCC) 4.4.3
Copyright (C) 2010 Free Software Foundation, Inc.
This is free software; see the source for copying conditions.  There is NO
warranty; not even for MERCHANTABILITY or FITNESS FOR A PARTICULAR PURPOSE.

configure:2917: $? = 0
configure:2906: g++ -v >&5
Using built-in specs.
Target: x86_64-manbo-linux-gnu
Configured with: ../configure --prefix=/usr --libexecdir=/usr/lib --with-slibdir=/lib64 --with-bugurl=https://qa.mandriva.com/ --mandir=/usr/share/man --infodir=/usr/share/info --enable-checking=release --enable-languages=c,c++,ada,fortran,objc,obj-c++,java --build=x86_64-manbo-linux-gnu --host=x86_64-manbo-linux-gnu --with-cpu=generic --with-system-zlib --enable-threads=posix --enable-shared --enable-objc-gc --enable-long-long --enable-__cxa_atexit --disable-libunwind-exceptions --enable-clocale=gnu --enable-java-awt=gtk --with-java-home=/usr/lib/jvm/java-1.5.0-gcj-1.5.0.0/jre --with-ecj-jar=/usr/share/java/eclipse-ecj.jar --enable-gtk-cairo --disable-libjava-multilib --enable-ssp --disable-libssp --disable-werror --with-ppl --with-cloog --with-python-dir=/lib/python2.6/site-packages
Thread model: posix
gcc version 4.4.3 (GCC) 
configure:2917: $? = 0
configure:2906: g++ -V >&5
g++: '-V' option must have argument
configure:2917: $? = 1
configure:2906: g++ -qversion >&5
g++: unrecognized option '-qversion'
g++: no input files
configure:2917: $? = 1
configure:2937: checking whether the C++ compiler works
configure:2959: g++    conftest.cpp  >&5
configure:2963: $? = 0
configure:3012: result: yes
configure:3015: checking for C++ compiler default output file name
configure:3017: result: a.out
configure:3023: checking for suffix of executables
configure:3030: g++ -o conftest    conftest.cpp  >&5
configure:3034: $? = 0
configure:3056: result: 
configure:3078: checking whether we are cross compiling
configure:3086: g++ -o conftest    conftest.cpp  >&5
configure:3090: $? = 0
configure:3097: ./conftest
configure:3101: $? = 0
configure:3116: result: no
configure:3121: checking for suffix of object files
configure:3143: g++ -c   conftest.cpp >&5
configure:3147: $? = 0
configure:3168: result: o
configure:3172: checking whether we are using the GNU C++ compiler
configure:3191: g++ -c   conftest.cpp >&5
configure:3191: $? = 0
configure:3200: result: yes
configure:3209: checking whether g++ accepts -g
configure:3229: g++ -c -g  conftest.cpp >&5
configure:3229: $? = 0
configure:3270: result: yes
configure:3304: checking for style of include used by make
configure:3332: result: GNU
configure:3357: checking dependency style of g++
configure:3467: result: gcc3
configure:3530: checking for gcc
configure:3546: found /usr/bin/gcc
configure:3557: result: gcc
configure:3786: checking for C compiler version
configure:3795: gcc --version >&5
gcc (GCC) 4.4.3
Copyright (C) 2010 Free Software Foundation, Inc.
This is free software; see the source for copying conditions.  There is NO
warranty; not even for MERCHANTABILITY or FITNESS FOR A PARTICULAR PURPOSE.

configure:3806: $? = 0
configure:3795: gcc -v >&5
Using built-in specs.
Target: x86_64-manbo-linux-gnu
Configured with: ../configure --prefix=/usr --libexecdir=/usr/lib --with-slibdir=/lib64 --with-bugurl=https://qa.mandriva.com/ --mandir=/usr/share/man --infodir=/usr/share/info --enable-checking=release --enable-languages=c,c++,ada,fortran,objc,obj-c++,java --build=x86_64-manbo-linux-gnu --host=x86_64-manbo-linux-gnu --with-cpu=generic --with-system-zlib --enable-threads=posix --enable-shared --enable-objc-gc --enable-long-long --enable-__cxa_atexit --disable-libunwind-exceptions --enable-clocale=gnu --enable-java-awt=gtk --with-java-home=/usr/lib/jvm/java-1.5.0-gcj-1.5.0.0/jre --with-ecj-jar=/usr/share/java/eclipse-ecj.jar --enable-gtk-cairo --disable-libjava-multilib --enable-ssp --disable-libssp --disable-werror --with-ppl --with-cloog --with-python-dir=/lib/python2.6/site-packages
Thread model: posix
gcc version 4.4.3 (GCC) 
configure:3806: $? = 0
configure:3795: gcc -V >&5
gcc: '-V' option must have argument
configure:3806: $? = 1
configure:3795: gcc -qversion >&5
gcc: unrecognized option '-qversion'
gcc: no input files
configure:3806: $? = 1
configure:3810: checking whether we are using the GNU C compiler
configure:3829: gcc -c   conftest.c >&5
configure:3829: $? = 0
configure:3838: result: yes
configure:3847: checking whether gcc accepts -g
configure:3867: gcc -c -g  conftest.c >&5
configure:3867: $? = 0
configure:3908: result: yes
configure:3925: checking for gcc option to accept ISO C89
configure:3989: gcc  -c -g -O2  conftest.c >&5
configure:3989: $? = 0
configure:4002: result: none needed
configure:4024: checking dependency style of gcc
configure:4134: result: gcc3
configure:4192: checking for ranlib
configure:4208: found /usr/bin/ranlib
configure:4219: result: ranlib
configure:4244: checking for glBegin in -lGL
configure:4269: gcc -o conftest -g -O2   conftest.c -lGL   >&5
configure:4269: $? = 0
configure:4278: result: yes
configure:4292: checking for avcodec_open in -lavcodec
configure:4317: gcc -o conftest -g -O2   conftest.c -lavcodec  -lGL  >&5
configure:4317: $? = 0
configure:4326: result: yes
configure:4338: checking for sin in -lm
configure:4363: gcc -o conftest -g -O2   conftest.c -lm  -lavcodec -lGL  >&5
conftest.c:20: warning: conflicting types for built-in function 'sin'
configure:4363: $? = 0
configure:4372: result: yes
configure:4383: checking for gzwrite in -lz
configure:4408: gcc -o conftest -g -O2   conftest.c -lz  -lm -lavcodec -lGL  >&5
configure:4408: $? = 0
configure:4417: result: yes
configure:4429: checking QT4 directory
configure:4444: result: found at /usr/lib/qt4
configure:4570: checking how to run the C preprocessor
configure:4601: gcc -E  conftest.c
configure:4601: $? = 0
configure:4615: gcc -E  conftest.c
conftest.c:15:28: error: ac_nonexistent.h: No such file or directory
configure:4615: $? = 1
configure: failed program was:
| /* confdefs.h */
| #define PACKAGE_NAME "NSpike"
| #define PACKAGE_TARNAME "nspike"
| #define PACKAGE_VERSION "2.0.0"
| #define PACKAGE_STRING "NSpike 2.0.0"
| #define PACKAGE_BUGREPORT "ckemere@gmail.com"
| #define PACKAGE_URL ""
| #define PACKAGE "NSpike"
| #define VERSION "2.0.0"
| #define HAVE_LIBGL 1
| #define HAVE_LIBAVCODEC 1
| #define HAVE_LIBM 1
| #define HAVE_LIBZ 1
| /* end confdefs.h.  */
| #include <ac_nonexistent.h>
configure:4640: result: gcc -E
configure:4660: gcc -E  conftest.c
configure:4660: $? = 0
configure:4674: gcc -E  conftest.c
conftest.c:15:28: error: ac_nonexistent.h: No such file or directory
configure:4674: $? = 1
configure: failed program was:
| /* confdefs.h */
| #define PACKAGE_NAME "NSpike"
| #define PACKAGE_TARNAME "nspike"
| #define PACKAGE_VERSION "2.0.0"
| #define PACKAGE_STRING "NSpike 2.0.0"
| #define PACKAGE_BUGREPORT "ckemere@gmail.com"
| #define PACKAGE_URL ""
| #define PACKAGE "NSpike"
| #define VERSION "2.0.0"
| #define HAVE_LIBGL 1
| #define HAVE_LIBAVCODEC 1
| #define HAVE_LIBM 1
| #define HAVE_LIBZ 1
| /* end confdefs.h.  */
| #include <ac_nonexistent.h>
configure:4703: checking for grep that handles long lines and -e
configure:4761: result: /bin/grep
configure:4766: checking for egrep
configure:4828: result: /bin/grep -E
configure:4833: checking for ANSI C header files
configure:4853: gcc -c -g -O2  conftest.c >&5
configure:4853: $? = 0
configure:4926: gcc -o conftest -g -O2   conftest.c -lz -lm -lavcodec -lGL  >&5
configure:4926: $? = 0
configure:4926: ./conftest
configure:4926: $? = 0
configure:4937: result: yes
configure:4950: checking for sys/types.h
configure:4950: gcc -c -g -O2  conftest.c >&5
configure:4950: $? = 0
configure:4950: result: yes
configure:4950: checking for sys/stat.h
configure:4950: gcc -c -g -O2  conftest.c >&5
configure:4950: $? = 0
configure:4950: result: yes
configure:4950: checking for stdlib.h
configure:4950: gcc -c -g -O2  conftest.c >&5
configure:4950: $? = 0
configure:4950: result: yes
configure:4950: checking for string.h
configure:4950: gcc -c -g -O2  conftest.c >&5
configure:4950: $? = 0
configure:4950: result: yes
configure:4950: checking for memory.h
configure:4950: gcc -c -g -O2  conftest.c >&5
configure:4950: $? = 0
configure:4950: result: yes
configure:4950: checking for strings.h
configure:4950: gcc -c -g -O2  conftest.c >&5
configure:4950: $? = 0
configure:4950: result: yes
configure:4950: checking for inttypes.h
configure:4950: gcc -c -g -O2  conftest.c >&5
configure:4950: $? = 0
configure:4950: result: yes
configure:4950: checking for stdint.h
configure:4950: gcc -c -g -O2  conftest.c >&5
configure:4950: $? = 0
configure:4950: result: yes
configure:4950: checking for unistd.h
configure:4950: gcc -c -g -O2  conftest.c >&5
configure:4950: $? = 0
configure:4950: result: yes
configure:4966: checking fcntl.h usability
configure:4966: gcc -c -g -O2  conftest.c >&5
configure:4966: $? = 0
configure:4966: result: yes
configure:4966: checking fcntl.h presence
configure:4966: gcc -E  conftest.c
configure:4966: $? = 0
configure:4966: result: yes
configure:4966: checking for fcntl.h
configure:4966: result: yes
configure:4966: checking limits.h usability
configure:4966: gcc -c -g -O2  conftest.c >&5
configure:4966: $? = 0
configure:4966: result: yes
configure:4966: checking limits.h presence
configure:4966: gcc -E  conftest.c
configure:4966: $? = 0
configure:4966: result: yes
configure:4966: checking for limits.h
configure:4966: result: yes
configure:4966: checking for stdlib.h
configure:4966: result: yes
configure:4966: checking for string.h
configure:4966: result: yes
configure:4966: checking sys/ioctl.h usability
configure:4966: gcc -c -g -O2  conftest.c >&5
configure:4966: $? = 0
configure:4966: result: yes
configure:4966: checking sys/ioctl.h presence
configure:4966: gcc -E  conftest.c
configure:4966: $? = 0
configure:4966: result: yes
configure:4966: checking for sys/ioctl.h
configure:4966: result: yes
configure:4966: checking for unistd.h
configure:4966: result: yes
configure:4979: checking for stdbool.h that conforms to C99
configure:5064: gcc -c -g -O2  conftest.c >&5
configure:5064: $? = 0
configure:5071: result: yes
configure:5073: checking for _Bool
configure:5073: gcc -c -g -O2  conftest.c >&5
configure:5073: $? = 0
configure:5073: gcc -c -g -O2  conftest.c >&5
conftest.c: In function 'main':
conftest.c:67: error: expected expression before ')' token
configure:5073: $? = 1
configure: failed program was:
| /* confdefs.h */
| #define PACKAGE_NAME "NSpike"
| #define PACKAGE_TARNAME "nspike"
| #define PACKAGE_VERSION "2.0.0"
| #define PACKAGE_STRING "NSpike 2.0.0"
| #define PACKAGE_BUGREPORT "ckemere@gmail.com"
| #define PACKAGE_URL ""
| #define PACKAGE "NSpike"
| #define VERSION "2.0.0"
| #define HAVE_LIBGL 1
| #define HAVE_LIBAVCODEC 1
| #define HAVE_LIBM 1
| #define HAVE_LIBZ 1
| #define STDC_HEADERS 1
| #define HAVE_SYS_TYPES_H 1
| #define HAVE_SYS_STAT_H 1
| #define HAVE_STDLIB_H 1
| #define HAVE_STRING_H 1
| #define HAVE_MEMORY_H 1
| #define HAVE_STRINGS_H 1
| #define HAVE_INTTYPES_H 1
| #define HAVE_STDINT_H 1
| #define HAVE_UNISTD_H 1
| #define HAVE_FCNTL_H 1
| #define HAVE_LIMITS_H 1
| #define HAVE_STDLIB_H 1
| #define HAVE_STRING_H 1
| #define HAVE_SYS_IOCTL_H 1
| #define HAVE_UNISTD_H 1
| /* end confdefs.h.  */
| #include <stdio.h>
| #ifdef HAVE_SYS_TYPES_H
| # include <sys/types.h>
| #endif
| #ifdef HAVE_SYS_STAT_H
| # include <sys/stat.h>
| #endif
| #ifdef STDC_HEADERS
| # include <stdlib.h>
| # include <stddef.h>
| #else
| # ifdef HAVE_STDLIB_H
| #  include <stdlib.h>
| # endif
| #endif
| #ifdef HAVE_STRING_H
| # if !defined STDC_HEADERS && defined HAVE_MEMORY_H
| #  include <memory.h>
| # endif
| # include <string.h>
| #endif
| #ifdef HAVE_STRINGS_H
| # include <strings.h>
| #endif
| #ifdef HAVE_INTTYPES_H
| # include <inttypes.h>
| #endif
| #ifdef HAVE_STDINT_H
| # include <stdint.h>
| #endif
| #ifdef HAVE_UNISTD_H
| # include <unistd.h>
| #endif
| int
| main ()
| {
| if (sizeof ((_Bool)))
| 	    return 0;
|   ;
|   return 0;
| }
configure:5073: result: yes
configure:5089: checking for inline
configure:5105: gcc -c -g -O2  conftest.c >&5
configure:5105: $? = 0
configure:5113: result: inline
configure:5131: checking for size_t
configure:5131: gcc -c -g -O2  conftest.c >&5
configure:5131: $? = 0
configure:5131: gcc -c -g -O2  conftest.c >&5
conftest.c: In function 'main':
conftest.c:69: error: expected expression before ')' token
configure:5131: $? = 1
configure: failed program was:
| /* confdefs.h */
| #define PACKAGE_NAME "NSpike"
| #define PACKAGE_TARNAME "nspike"
| #define PACKAGE_VERSION "2.0.0"
| #define PACKAGE_STRING "NSpike 2.0.0"
| #define PACKAGE_BUGREPORT "ckemere@gmail.com"
| #define PACKAGE_URL ""
| #define PACKAGE "NSpike"
| #define VERSION "2.0.0"
| #define HAVE_LIBGL 1
| #define HAVE_LIBAVCODEC 1
| #define HAVE_LIBM 1
| #define HAVE_LIBZ 1
| #define STDC_HEADERS 1
| #define HAVE_SYS_TYPES_H 1
| #define HAVE_SYS_STAT_H 1
| #define HAVE_STDLIB_H 1
| #define HAVE_STRING_H 1
| #define HAVE_MEMORY_H 1
| #define HAVE_STRINGS_H 1
| #define HAVE_INTTYPES_H 1
| #define HAVE_STDINT_H 1
| #define HAVE_UNISTD_H 1
| #define HAVE_FCNTL_H 1
| #define HAVE_LIMITS_H 1
| #define HAVE_STDLIB_H 1
| #define HAVE_STRING_H 1
| #define HAVE_SYS_IOCTL_H 1
| #define HAVE_UNISTD_H 1
| #define HAVE__BOOL 1
| #define HAVE_STDBOOL_H 1
| /* end confdefs.h.  */
| #include <stdio.h>
| #ifdef HAVE_SYS_TYPES_H
| # include <sys/types.h>
| #endif
| #ifdef HAVE_SYS_STAT_H
| # include <sys/stat.h>
| #endif
| #ifdef STDC_HEADERS
| # include <stdlib.h>
| # include <stddef.h>
| #else
| # ifdef HAVE_STDLIB_H
| #  include <stdlib.h>
| # endif
| #endif
| #ifdef HAVE_STRING_H
| # if !defined STDC_HEADERS && defined HAVE_MEMORY_H
| #  include <memory.h>
| # endif
| # include <string.h>
| #endif
| #ifdef HAVE_STRINGS_H
| # include <strings.h>
| #endif
| #ifdef HAVE_INTTYPES_H
| # include <inttypes.h>
| #endif
| #ifdef HAVE_STDINT_H
| # include <stdint.h>
| #endif
| #ifdef HAVE_UNISTD_H
| # include <unistd.h>
| #endif
| int
| main ()
| {
| if (sizeof ((size_t)))
| 	    return 0;
|   ;
|   return 0;
| }
configure:5131: result: yes
configure:5142: checking for uint8_t
configure:5142: gcc -c -g -O2  conftest.c >&5
configure:5142: $? = 0
configure:5142: result: yes
configure:5158: checking for _LARGEFILE_SOURCE value needed for large files
configure:5177: gcc -o conftest -g -O2   conftest.c -lz -lm -lavcodec -lGL  >&5
configure:5177: $? = 0
configure:5205: result: no
configure:5228: checking for stdlib.h
configure:5228: result: yes
configure:5238: checking for GNU libc compatible malloc
configure:5262: gcc -o conftest -g -O2   conftest.c -lz -lm -lavcodec -lGL  >&5
configure:5262: $? = 0
configure:5262: ./conftest
configure:5262: $? = 0
configure:5272: result: yes
configure:5299: checking for stdlib.h
configure:5299: result: yes
configure:5299: checking for unistd.h
configure:5299: result: yes
configure:5299: checking for sys/param.h
configure:5299: gcc -c -g -O2  conftest.c >&5
configure:5299: $? = 0
configure:5299: result: yes
configure:5320: checking for getpagesize
configure:5320: gcc -o conftest -g -O2   conftest.c -lz -lm -lavcodec -lGL  >&5
configure:5320: $? = 0
configure:5320: result: yes
configure:5329: checking for working mmap
configure:5476: gcc -o conftest -g -O2   conftest.c -lz -lm -lavcodec -lGL  >&5
configure:5476: $? = 0
configure:5476: ./conftest
configure:5476: $? = 0
configure:5486: result: yes
configure:5497: checking for stdlib.h
configure:5497: result: yes
configure:5507: checking for GNU libc compatible realloc
configure:5531: gcc -o conftest -g -O2   conftest.c -lz -lm -lavcodec -lGL  >&5
configure:5531: $? = 0
configure:5531: ./conftest
configure:5531: $? = 0
configure:5541: result: yes
configure:5565: checking for bzero
configure:5565: gcc -o conftest -g -O2   conftest.c -lz -lm -lavcodec -lGL  >&5
conftest.c:66: warning: conflicting types for built-in function 'bzero'
configure:5565: $? = 0
configure:5565: result: yes
configure:5565: checking for floor
configure:5565: gcc -o conftest -g -O2   conftest.c -lz -lm -lavcodec -lGL  >&5
conftest.c:67: warning: conflicting types for built-in function 'floor'
configure:5565: $? = 0
configure:5565: result: yes
configure:5565: checking for gethostbyaddr
configure:5565: gcc -o conftest -g -O2   conftest.c -lz -lm -lavcodec -lGL  >&5
configure:5565: $? = 0
configure:5565: result: yes
configure:5565: checking for gethostbyname
configure:5565: gcc -o conftest -g -O2   conftest.c -lz -lm -lavcodec -lGL  >&5
configure:5565: $? = 0
configure:5565: result: yes
configure:5565: checking for gethostname
configure:5565: gcc -o conftest -g -O2   conftest.c -lz -lm -lavcodec -lGL  >&5
configure:5565: $? = 0
configure:5565: result: yes
configure:5565: checking for gettimeofday
configure:5565: gcc -o conftest -g -O2   conftest.c -lz -lm -lavcodec -lGL  >&5
configure:5565: $? = 0
configure:5565: result: yes
configure:5565: checking for memset
configure:5565: gcc -o conftest -g -O2   conftest.c -lz -lm -lavcodec -lGL  >&5
conftest.c:72: warning: conflicting types for built-in function 'memset'
configure:5565: $? = 0
configure:5565: result: yes
configure:5565: checking for munmap
configure:5565: gcc -o conftest -g -O2   conftest.c -lz -lm -lavcodec -lGL  >&5
configure:5565: $? = 0
configure:5565: result: yes
configure:5565: checking for select
configure:5565: gcc -o conftest -g -O2   conftest.c -lz -lm -lavcodec -lGL  >&5
configure:5565: $? = 0
configure:5565: result: yes
configure:5565: checking for socket
configure:5565: gcc -o conftest -g -O2   conftest.c -lz -lm -lavcodec -lGL  >&5
configure:5565: $? = 0
configure:5565: result: yes
configure:5565: checking for sqrt
configure:5565: gcc -o conftest -g -O2   conftest.c -lz -lm -lavcodec -lGL  >&5
conftest.c:76: warning: conflicting types for built-in function 'sqrt'
configure:5565: $? = 0
configure:5565: result: yes
configure:5565: checking for strchr
configure:5565: gcc -o conftest -g -O2   conftest.c -lz -lm -lavcodec -lGL  >&5
conftest.c:77: warning: conflicting types for built-in function 'strchr'
configure:5565: $? = 0
configure:5565: result: yes
configure:5565: checking for strerror
configure:5565: gcc -o conftest -g -O2   conftest.c -lz -lm -lavcodec -lGL  >&5
configure:5565: $? = 0
configure:5565: result: yes
configure:5565: checking for strrchr
configure:5565: gcc -o conftest -g -O2   conftest.c -lz -lm -lavcodec -lGL  >&5
conftest.c:79: warning: conflicting types for built-in function 'strrchr'
configure:5565: $? = 0
configure:5565: result: yes
configure:5743: creating ./config.status

## ---------------------- ##
## Running config.status. ##
## ---------------------- ##

This file was extended by NSpike config.status 2.0.0, which was
generated by GNU Autoconf 2.65.  Invocation command line was

  CONFIG_FILES    = 
  CONFIG_HEADERS  = 
  CONFIG_LINKS    = 
  CONFIG_COMMANDS = 
  $ ./config.status 

on localhost

config.status:794: creating Makefile
config.status:794: creating src-modules/Makefile
config.status:794: creating src-extract/Makefile
config.status:794: creating src-fixpos/Makefile
config.status:794: creating src-user/Makefile
config.status:794: creating src-main/Makefile
config.status:957: executing depfiles commands

## ---------------- ##
## Cache variables. ##
## ---------------- ##

ac_cv_c_compiler_gnu=yes
ac_cv_c_inline=inline
ac_cv_c_uint8_t=yes
ac_cv_cxx_compiler_gnu=yes
ac_cv_env_CCC_set=
ac_cv_env_CCC_value=
ac_cv_env_CC_set=
ac_cv_env_CC_value=
ac_cv_env_CFLAGS_set=
ac_cv_env_CFLAGS_value=
ac_cv_env_CPPFLAGS_set=
ac_cv_env_CPPFLAGS_value=
ac_cv_env_CPP_set=
ac_cv_env_CPP_value=
ac_cv_env_CXXFLAGS_set=
ac_cv_env_CXXFLAGS_value=
ac_cv_env_CXX_set=
ac_cv_env_CXX_value=
ac_cv_env_LDFLAGS_set=
ac_cv_env_LDFLAGS_value=
ac_cv_env_LIBS_set=
ac_cv_env_LIBS_value=
ac_cv_env_build_alias_set=
ac_cv_env_build_alias_value=
ac_cv_env_host_alias_set=
ac_cv_env_host_alias_value=
ac_cv_env_target_alias_set=
ac_cv_env_target_alias_value=
ac_cv_func_bzero=yes
ac_cv_func_floor=yes
ac_cv_func_gethostbyaddr=yes
ac_cv_func_gethostbyname=yes
ac_cv_func_gethostname=yes
ac_cv_func_getpagesize=yes
ac_cv_func_gettimeofday=yes
ac_cv_func_malloc_0_nonnull=yes
ac_cv_func_memset=yes
ac_cv_func_mmap_fixed_mapped=yes
ac_cv_func_munmap=yes
ac_cv_func_realloc_0_nonnull=yes
ac_cv_func_select=yes
ac_cv_func_socket=yes
ac_cv_func_sqrt=yes
ac_cv_func_strchr=yes
ac_cv_func_strerror=yes
ac_cv_func_strrchr=yes
ac_cv_header_fcntl_h=yes
ac_cv_header_inttypes_h=yes
ac_cv_header_limits_h=yes
ac_cv_header_memory_h=yes
ac_cv_header_stdbool_h=yes
ac_cv_header_stdc=yes
ac_cv_header_stdint_h=yes
ac_cv_header_stdlib_h=yes
ac_cv_header_string_h=yes
ac_cv_header_strings_h=yes
ac_cv_header_sys_ioctl_h=yes
ac_cv_header_sys_param_h=yes
ac_cv_header_sys_stat_h=yes
ac_cv_header_sys_types_h=yes
ac_cv_header_unistd_h=yes
ac_cv_lib_GL_glBegin=yes
ac_cv_lib_avcodec_avcodec_open=yes
ac_cv_lib_m_sin=yes
ac_cv_lib_z_gzwrite=yes
ac_cv_objext=o
ac_cv_path_EGREP='/bin/grep -E'
ac_cv_path_GREP=/bin/grep
ac_cv_path_install='/usr/bin/install -c'
ac_cv_path_mkdir=/bin/mkdir
ac_cv_prog_AWK=gawk
ac_cv_prog_CPP='gcc -E'
ac_cv_prog_ac_ct_CC=gcc
ac_cv_prog_ac_ct_CXX=g++
ac_cv_prog_ac_ct_RANLIB=ranlib
ac_cv_prog_cc_c89=
ac_cv_prog_cc_g=yes
ac_cv_prog_cxx_g=yes
ac_cv_prog_make_make_set=yes
ac_cv_sys_largefile_source=no
ac_cv_type__Bool=yes
ac_cv_type_size_t=yes
am_cv_CC_dependencies_compiler_type=gcc3
am_cv_CXX_dependencies_compiler_type=gcc3

## ----------------- ##
## Output variables. ##
## ----------------- ##

ACLOCAL='${SHELL} /home/loren/Src/NSpike2/missing --run aclocal-1.11'
AMDEPBACKSLASH='\'
AMDEP_FALSE='#'
AMDEP_TRUE=''
AMTAR='${SHELL} /home/loren/Src/NSpike2/missing --run tar'
AUTOCONF='${SHELL} /home/loren/Src/NSpike2/missing --run autoconf'
AUTOHEADER='${SHELL} /home/loren/Src/NSpike2/missing --run autoheader'
AUTOMAKE='${SHELL} /home/loren/Src/NSpike2/missing --run automake-1.11'
AWK='gawk'
CC='gcc'
CCDEPMODE='depmode=gcc3'
CFLAGS='-g -O2'
CPP='gcc -E'
CPPFLAGS=''
CXX='g++'
CXXDEPMODE='depmode=gcc3'
CXXFLAGS='-g -O2'
CYGPATH_W='echo'
DEFS='-DPACKAGE_NAME=\"NSpike\" -DPACKAGE_TARNAME=\"nspike\" -DPACKAGE_VERSION=\"2.0.0\" -DPACKAGE_STRING=\"NSpike\ 2.0.0\" -DPACKAGE_BUGREPORT=\"ckemere@gmail.com\" -DPACKAGE_URL=\"\" -DPACKAGE=\"NSpike\" -DVERSION=\"2.0.0\" -DHAVE_LIBGL=1 -DHAVE_LIBAVCODEC=1 -DHAVE_LIBM=1 -DHAVE_LIBZ=1 -DSTDC_HEADERS=1 -DHAVE_SYS_TYPES_H=1 -DHAVE_SYS_STAT_H=1 -DHAVE_STDLIB_H=1 -DHAVE_STRING_H=1 -DHAVE_MEMORY_H=1 -DHAVE_STRINGS_H=1 -DHAVE_INTTYPES_H=1 -DHAVE_STDINT_H=1 -DHAVE_UNISTD_H=1 -DHAVE_FCNTL_H=1 -DHAVE_LIMITS_H=1 -DHAVE_STDLIB_H=1 -DHAVE_STRING_H=1 -DHAVE_SYS_IOCTL_H=1 -DHAVE_UNISTD_H=1 -DHAVE__BOOL=1 -DHAVE_STDBOOL_H=1 -DHAVE_FSEEKO=1 -DHAVE_STDLIB_H=1 -DHAVE_MALLOC=1 -DHAVE_STDLIB_H=1 -DHAVE_UNISTD_H=1 -DHAVE_SYS_PARAM_H=1 -DHAVE_GETPAGESIZE=1 -DHAVE_MMAP=1 -DHAVE_STDLIB_H=1 -DHAVE_REALLOC=1 -DHAVE_BZERO=1 -DHAVE_FLOOR=1 -DHAVE_GETHOSTBYADDR=1 -DHAVE_GETHOSTBYNAME=1 -DHAVE_GETHOSTNAME=1 -DHAVE_GETTIMEOFDAY=1 -DHAVE_MEMSET=1 -DHAVE_MUNMAP=1 -DHAVE_SELECT=1 -DHAVE_SOCKET=1 -DHAVE_SQRT=1 -DHAVE_STRCHR=1 -DHAVE_STRERROR=1 -DHAVE_STRRCHR=1'
DEPDIR='.deps'
ECHO_C=''
ECHO_N='-n'
ECHO_T=''
EGREP='/bin/grep -E'
EXEEXT=''
GREP='/bin/grep'
INSTALL_DATA='${INSTALL} -m 644'
INSTALL_PROGRAM='${INSTALL}'
INSTALL_SCRIPT='${INSTALL}'
INSTALL_STRIP_PROGRAM='$(install_sh) -c -s'
LDFLAGS=''
LIBOBJS=''
LIBS='-lz -lm -lavcodec -lGL '
LTLIBOBJS=''
MAKEINFO='${SHELL} /home/loren/Src/NSpike2/missing --run makeinfo'
MAKE_NSPIKE_FIXPOS_FALSE=''
MAKE_NSPIKE_FIXPOS_TRUE='#'
MKDIR_P='/bin/mkdir -p'
OBJEXT='o'
PACKAGE='NSpike'
PACKAGE_BUGREPORT='ckemere@gmail.com'
PACKAGE_NAME='NSpike'
PACKAGE_STRING='NSpike 2.0.0'
PACKAGE_TARNAME='nspike'
PACKAGE_URL=''
PACKAGE_VERSION='2.0.0'
PATH_SEPARATOR=':'
QTDIR='/usr/lib/qt4'
RANLIB='ranlib'
SET_MAKE=''
SHELL='/bin/sh'
STRIP=''
VERSION='2.0.0'
ac_ct_CC='gcc'
ac_ct_CXX='g++'
am__EXEEXT_FALSE=''
am__EXEEXT_TRUE='#'
am__fastdepCC_FALSE='#'
am__fastdepCC_TRUE=''
am__fastdepCXX_FALSE='#'
am__fastdepCXX_TRUE=''
am__include='include'
am__isrc=''
am__leading_dot='.'
am__quote=''
am__tar='${AMTAR} chof - "$$tardir"'
am__untar='${AMTAR} xf -'
bindir='${exec_prefix}/bin'
build_alias=''
datadir='${datarootdir}'
datarootdir='${prefix}/share'
docdir='${datarootdir}/doc/${PACKAGE_TARNAME}'
dvidir='${docdir}'
exec_prefix='${prefix}'
host_alias=''
htmldir='${docdir}'
includedir='${prefix}/include'
infodir='${datarootdir}/info'
install_sh='${SHELL} /home/loren/Src/NSpike2/install-sh'
libdir='${exec_prefix}/lib'
libexecdir='${exec_prefix}/libexec'
localedir='${datarootdir}/locale'
localstatedir='${prefix}/var'
mandir='${datarootdir}/man'
mkdir_p='/bin/mkdir -p'
oldincludedir='/usr/include'
pdfdir='${docdir}'
prefix='/usr/local'
program_transform_name='s,x,x,'
psdir='${docdir}'
sbindir='${exec_prefix}/sbin'
sharedstatedir='${prefix}/com'
sysconfdir='${prefix}/etc'
target_alias=''

## ----------- ##
## confdefs.h. ##
## ----------- ##

/* confdefs.h */
#define PACKAGE_NAME "NSpike"
#define PACKAGE_TARNAME "nspike"
#define PACKAGE_VERSION "2.0.0"
#define PACKAGE_STRING "NSpike 2.0.0"
#define PACKAGE_BUGREPORT "ckemere@gmail.com"
#define PACKAGE_URL ""
#define PACKAGE "NSpike"
#define VERSION "2.0.0"
#define HAVE_LIBGL 1
#define HAVE_LIBAVCODEC 1
#define HAVE_LIBM 1
#define HAVE_LIBZ 1
#define STDC_HEADERS 1
#define HAVE_SYS_TYPES_H 1
#define HAVE_SYS_STAT_H 1
#define HAVE_STDLIB_H 1
#define HAVE_STRING_H 1
#define HAVE_MEMORY_H 1
#define HAVE_STRINGS_H 1
#define HAVE_INTTYPES_H 1
#define HAVE_STDINT_H 1
#define HAVE_UNISTD_H 1
#define HAVE_FCNTL_H 1
#define HAVE_LIMITS_H 1
#define HAVE_STDLIB_H 1
#define HAVE_STRING_H 1
#define HAVE_SYS_IOCTL_H 1
#define HAVE_UNISTD_H 1
#define HAVE__BOOL 1
#define HAVE_STDBOOL_H 1
#define HAVE_FSEEKO 1
#define HAVE_STDLIB_H 1
#define HAVE_MALLOC 1
#define HAVE_STDLIB_H 1
#define HAVE_UNISTD_H 1
#define HAVE_SYS_PARAM_H 1
#define HAVE_GETPAGESIZE 1
#define HAVE_MMAP 1
#define HAVE_STDLIB_H 1
#define HAVE_REALLOC 1
#define HAVE_BZERO 1
#define HAVE_FLOOR 1
#define HAVE_GETHOSTBYADDR 1
#define HAVE_GETHOSTBYNAME 1
#define HAVE_GETHOSTNAME 1
#define HAVE_GETTIMEOFDAY 1
#define HAVE_MEMSET 1
#define HAVE_MUNMAP 1
#define HAVE_SELECT 1
#define HAVE_SOCKET 1
#define HAVE_SQRT 1
#define HAVE_STRCHR 1
#define HAVE_STRERROR 1
#define HAVE_STRRCHR 1

configure: exit 0
